<?xml version="1.0" encoding="UTF-8"?>
<!-- Generated by org.testng.reporters.JUnitXMLReporter -->
<testsuite ignored="0" hostname="DESKTOP-SCQOUNC" failures="0" tests="4" name="Default test" time="111.716" errors="0" timestamp="2020-06-18T17:48:01 IST">
  <testcase classname="com.clearcode.testsuite.TestSuite1" name="addProduct" time="24.637"/>
  <testcase classname="com.clearcode.testsuite.TestSuite1" name="addProduct" time="22.911"/>
  <testcase classname="com.clearcode.testsuite.TestSuite1" name="addProduct" time="22.164"/>
  <testcase classname="com.clearcode.testsuite.TestSuite1" name="addProduct" time="21.701"/>
</testsuite> <!-- Default test -->
