<?xml version="1.0" encoding="UTF-8"?>
<testng-results ignored="0" total="8" passed="8" failed="0" skipped="0">
  <reporter-output>
    <line>
      <![CDATA[STEP1]]>
    </line>
    <line>
      <![CDATA[STEP2]]>
    </line>
    <line>
      <![CDATA[STEP3]]>
    </line>
    <line>
      <![CDATA[STEP4]]>
    </line>
    <line>
      <![CDATA[STEP5]]>
    </line>
    <line>
      <![CDATA[STEP6]]>
    </line>
    <line>
      <![CDATA[STEP7]]>
    </line>
    <line>
      <![CDATA[STEP8]]>
    </line>
    <line>
      <![CDATA[STEP9]]>
    </line>
    <line>
      <![CDATA[STEP10]]>
    </line>
    <line>
      <![CDATA[STEP11]]>
    </line>
    <line>
      <![CDATA[STEP12]]>
    </line>
    <line>
      <![CDATA[STEP13]]>
    </line>
    <line>
      <![CDATA[STEP14]]>
    </line>
    <line>
      <![CDATA[STEP15]]>
    </line>
    <line>
      <![CDATA[STEP16]]>
    </line>
    <line>
      <![CDATA[STEP17]]>
    </line>
    <line>
      <![CDATA[STEP18]]>
    </line>
    <line>
      <![CDATA[STEP19]]>
    </line>
    <line>
      <![CDATA[STEP20]]>
    </line>
    <line>
      <![CDATA[STEP21]]>
    </line>
    <line>
      <![CDATA[STEP22]]>
    </line>
    <line>
      <![CDATA[STEP23]]>
    </line>
    <line>
      <![CDATA[STEP24]]>
    </line>
    <line>
      <![CDATA[STEP25]]>
    </line>
    <line>
      <![CDATA[STEP26]]>
    </line>
    <line>
      <![CDATA[STEP27]]>
    </line>
    <line>
      <![CDATA[STEP28]]>
    </line>
    <line>
      <![CDATA[STEP29]]>
    </line>
    <line>
      <![CDATA[STEP30]]>
    </line>
    <line>
      <![CDATA[STEP31]]>
    </line>
    <line>
      <![CDATA[STEP32]]>
    </line>
    <line>
      <![CDATA[STEP33]]>
    </line>
    <line>
      <![CDATA[STEP34]]>
    </line>
    <line>
      <![CDATA[STEP35]]>
    </line>
    <line>
      <![CDATA[STEP36]]>
    </line>
    <line>
      <![CDATA[STEP37]]>
    </line>
    <line>
      <![CDATA[STEP38]]>
    </line>
    <line>
      <![CDATA[STEP39]]>
    </line>
    <line>
      <![CDATA[STEP40]]>
    </line>
    <line>
      <![CDATA[STEP41]]>
    </line>
    <line>
      <![CDATA[STEP42]]>
    </line>
    <line>
      <![CDATA[STEP43]]>
    </line>
    <line>
      <![CDATA[STEP44]]>
    </line>
    <line>
      <![CDATA[STEP45]]>
    </line>
    <line>
      <![CDATA[STEP46]]>
    </line>
    <line>
      <![CDATA[STEP47]]>
    </line>
    <line>
      <![CDATA[STEP48]]>
    </line>
    <line>
      <![CDATA[STEP49]]>
    </line>
    <line>
      <![CDATA[STEP50]]>
    </line>
    <line>
      <![CDATA[STEP51]]>
    </line>
    <line>
      <![CDATA[STEP52]]>
    </line>
    <line>
      <![CDATA[STEP53]]>
    </line>
    <line>
      <![CDATA[STEP54]]>
    </line>
    <line>
      <![CDATA[STEP55]]>
    </line>
    <line>
      <![CDATA[STEP56]]>
    </line>
    <line>
      <![CDATA[STEP57]]>
    </line>
    <line>
      <![CDATA[STEP58]]>
    </line>
    <line>
      <![CDATA[STEP59]]>
    </line>
    <line>
      <![CDATA[STEP60]]>
    </line>
    <line>
      <![CDATA[STEP61]]>
    </line>
    <line>
      <![CDATA[STEP62]]>
    </line>
    <line>
      <![CDATA[STEP63]]>
    </line>
    <line>
      <![CDATA[STEP64]]>
    </line>
    <line>
      <![CDATA[STEP65]]>
    </line>
    <line>
      <![CDATA[STEP66]]>
    </line>
    <line>
      <![CDATA[STEP67]]>
    </line>
    <line>
      <![CDATA[STEP68]]>
    </line>
    <line>
      <![CDATA[STEP69]]>
    </line>
    <line>
      <![CDATA[STEP70]]>
    </line>
    <line>
      <![CDATA[STEP71]]>
    </line>
    <line>
      <![CDATA[STEP72]]>
    </line>
    <line>
      <![CDATA[STEP73]]>
    </line>
    <line>
      <![CDATA[STEP74]]>
    </line>
    <line>
      <![CDATA[STEP75]]>
    </line>
    <line>
      <![CDATA[STEP76]]>
    </line>
    <line>
      <![CDATA[STEP77]]>
    </line>
    <line>
      <![CDATA[STEP78]]>
    </line>
    <line>
      <![CDATA[STEP79]]>
    </line>
    <line>
      <![CDATA[STEP80]]>
    </line>
    <line>
      <![CDATA[STEP81]]>
    </line>
    <line>
      <![CDATA[STEP82]]>
    </line>
    <line>
      <![CDATA[STEP83]]>
    </line>
    <line>
      <![CDATA[STEP84]]>
    </line>
    <line>
      <![CDATA[STEP85]]>
    </line>
    <line>
      <![CDATA[STEP86]]>
    </line>
    <line>
      <![CDATA[STEP87]]>
    </line>
    <line>
      <![CDATA[STEP88]]>
    </line>
    <line>
      <![CDATA[STEP89]]>
    </line>
    <line>
      <![CDATA[STEP90]]>
    </line>
    <line>
      <![CDATA[STEP91]]>
    </line>
    <line>
      <![CDATA[STEP92]]>
    </line>
    <line>
      <![CDATA[STEP93]]>
    </line>
    <line>
      <![CDATA[STEP94]]>
    </line>
    <line>
      <![CDATA[STEP95]]>
    </line>
    <line>
      <![CDATA[STEP96]]>
    </line>
    <line>
      <![CDATA[STEP97]]>
    </line>
    <line>
      <![CDATA[STEP98]]>
    </line>
    <line>
      <![CDATA[STEP99]]>
    </line>
    <line>
      <![CDATA[STEP100]]>
    </line>
    <line>
      <![CDATA[STEP101]]>
    </line>
    <line>
      <![CDATA[STEP102]]>
    </line>
    <line>
      <![CDATA[STEP103]]>
    </line>
    <line>
      <![CDATA[STEP104]]>
    </line>
    <line>
      <![CDATA[STEP105]]>
    </line>
    <line>
      <![CDATA[STEP106]]>
    </line>
    <line>
      <![CDATA[STEP107]]>
    </line>
    <line>
      <![CDATA[STEP108]]>
    </line>
    <line>
      <![CDATA[STEP109]]>
    </line>
    <line>
      <![CDATA[STEP110]]>
    </line>
    <line>
      <![CDATA[STEP111]]>
    </line>
    <line>
      <![CDATA[STEP112]]>
    </line>
    <line>
      <![CDATA[STEP113]]>
    </line>
    <line>
      <![CDATA[STEP114]]>
    </line>
    <line>
      <![CDATA[STEP115]]>
    </line>
    <line>
      <![CDATA[STEP116]]>
    </line>
    <line>
      <![CDATA[STEP117]]>
    </line>
    <line>
      <![CDATA[STEP118]]>
    </line>
    <line>
      <![CDATA[STEP119]]>
    </line>
    <line>
      <![CDATA[STEP120]]>
    </line>
    <line>
      <![CDATA[STEP121]]>
    </line>
    <line>
      <![CDATA[STEP122]]>
    </line>
    <line>
      <![CDATA[STEP123]]>
    </line>
    <line>
      <![CDATA[STEP124]]>
    </line>
    <line>
      <![CDATA[STEP125]]>
    </line>
    <line>
      <![CDATA[STEP126]]>
    </line>
    <line>
      <![CDATA[STEP127]]>
    </line>
    <line>
      <![CDATA[STEP128]]>
    </line>
    <line>
      <![CDATA[STEP129]]>
    </line>
    <line>
      <![CDATA[STEP130]]>
    </line>
    <line>
      <![CDATA[STEP131]]>
    </line>
    <line>
      <![CDATA[STEP132]]>
    </line>
    <line>
      <![CDATA[STEP133]]>
    </line>
    <line>
      <![CDATA[STEP134]]>
    </line>
    <line>
      <![CDATA[STEP135]]>
    </line>
    <line>
      <![CDATA[STEP136]]>
    </line>
    <line>
      <![CDATA[STEP137]]>
    </line>
    <line>
      <![CDATA[STEP138]]>
    </line>
    <line>
      <![CDATA[STEP139]]>
    </line>
    <line>
      <![CDATA[STEP140]]>
    </line>
    <line>
      <![CDATA[STEP141]]>
    </line>
    <line>
      <![CDATA[STEP142]]>
    </line>
    <line>
      <![CDATA[STEP143]]>
    </line>
    <line>
      <![CDATA[STEP144]]>
    </line>
    <line>
      <![CDATA[STEP145]]>
    </line>
    <line>
      <![CDATA[STEP146]]>
    </line>
    <line>
      <![CDATA[STEP147]]>
    </line>
    <line>
      <![CDATA[STEP148]]>
    </line>
    <line>
      <![CDATA[STEP149]]>
    </line>
    <line>
      <![CDATA[STEP150]]>
    </line>
    <line>
      <![CDATA[STEP151]]>
    </line>
    <line>
      <![CDATA[STEP152]]>
    </line>
    <line>
      <![CDATA[STEP153]]>
    </line>
    <line>
      <![CDATA[STEP154]]>
    </line>
    <line>
      <![CDATA[STEP155]]>
    </line>
    <line>
      <![CDATA[STEP156]]>
    </line>
    <line>
      <![CDATA[STEP157]]>
    </line>
    <line>
      <![CDATA[STEP158]]>
    </line>
    <line>
      <![CDATA[STEP159]]>
    </line>
    <line>
      <![CDATA[STEP160]]>
    </line>
    <line>
      <![CDATA[STEP161]]>
    </line>
    <line>
      <![CDATA[STEP162]]>
    </line>
    <line>
      <![CDATA[STEP163]]>
    </line>
    <line>
      <![CDATA[STEP164]]>
    </line>
    <line>
      <![CDATA[STEP165]]>
    </line>
    <line>
      <![CDATA[STEP166]]>
    </line>
    <line>
      <![CDATA[STEP167]]>
    </line>
    <line>
      <![CDATA[STEP168]]>
    </line>
    <line>
      <![CDATA[STEP169]]>
    </line>
    <line>
      <![CDATA[STEP170]]>
    </line>
    <line>
      <![CDATA[STEP171]]>
    </line>
    <line>
      <![CDATA[STEP172]]>
    </line>
    <line>
      <![CDATA[STEP173]]>
    </line>
    <line>
      <![CDATA[STEP174]]>
    </line>
    <line>
      <![CDATA[STEP175]]>
    </line>
    <line>
      <![CDATA[STEP176]]>
    </line>
    <line>
      <![CDATA[STEP177]]>
    </line>
    <line>
      <![CDATA[STEP178]]>
    </line>
    <line>
      <![CDATA[STEP179]]>
    </line>
    <line>
      <![CDATA[STEP180]]>
    </line>
    <line>
      <![CDATA[STEP181]]>
    </line>
    <line>
      <![CDATA[STEP182]]>
    </line>
    <line>
      <![CDATA[STEP183]]>
    </line>
    <line>
      <![CDATA[STEP184]]>
    </line>
    <line>
      <![CDATA[STEP185]]>
    </line>
    <line>
      <![CDATA[STEP186]]>
    </line>
    <line>
      <![CDATA[STEP187]]>
    </line>
    <line>
      <![CDATA[STEP188]]>
    </line>
    <line>
      <![CDATA[STEP189]]>
    </line>
    <line>
      <![CDATA[STEP190]]>
    </line>
    <line>
      <![CDATA[STEP191]]>
    </line>
    <line>
      <![CDATA[STEP192]]>
    </line>
    <line>
      <![CDATA[STEP193]]>
    </line>
    <line>
      <![CDATA[STEP194]]>
    </line>
    <line>
      <![CDATA[STEP195]]>
    </line>
    <line>
      <![CDATA[STEP196]]>
    </line>
    <line>
      <![CDATA[STEP197]]>
    </line>
    <line>
      <![CDATA[STEP198]]>
    </line>
    <line>
      <![CDATA[STEP199]]>
    </line>
    <line>
      <![CDATA[STEP200]]>
    </line>
    <line>
      <![CDATA[STEP201]]>
    </line>
    <line>
      <![CDATA[STEP202]]>
    </line>
    <line>
      <![CDATA[STEP203]]>
    </line>
    <line>
      <![CDATA[STEP204]]>
    </line>
    <line>
      <![CDATA[STEP205]]>
    </line>
    <line>
      <![CDATA[STEP206]]>
    </line>
    <line>
      <![CDATA[STEP207]]>
    </line>
    <line>
      <![CDATA[STEP208]]>
    </line>
    <line>
      <![CDATA[STEP209]]>
    </line>
    <line>
      <![CDATA[STEP210]]>
    </line>
    <line>
      <![CDATA[STEP211]]>
    </line>
    <line>
      <![CDATA[STEP212]]>
    </line>
    <line>
      <![CDATA[STEP213]]>
    </line>
    <line>
      <![CDATA[STEP214]]>
    </line>
    <line>
      <![CDATA[STEP215]]>
    </line>
    <line>
      <![CDATA[STEP216]]>
    </line>
    <line>
      <![CDATA[STEP217]]>
    </line>
  </reporter-output>
  <suite started-at="2020-06-26T10:20:29 IST" name="Default suite" finished-at="2020-06-26T10:23:21 IST" duration-ms="171583">
    <groups>
    </groups>
    <test started-at="2020-06-26T10:20:29 IST" name="Default test" finished-at="2020-06-26T10:23:21 IST" duration-ms="171583">
      <class name="com.clearcode.testsuite.TestSuite1">
        <test-method is-config="true" signature="launch()[pri:0, instance:com.clearcode.testsuite.TestSuite1@4df50bcc]" started-at="2020-06-26T10:20:29 IST" name="launch" finished-at="2020-06-26T10:20:38 IST" duration-ms="8980" status="PASS">
          <reporter-output>
            <line>
              <![CDATA[STEP1]]>
            </line>
          </reporter-output>
        </test-method> <!-- launch -->
        <test-method is-config="true" signature="loadUrl()[pri:0, instance:com.clearcode.testsuite.TestSuite1@4df50bcc]" started-at="2020-06-26T10:20:39 IST" name="loadUrl" finished-at="2020-06-26T10:20:43 IST" duration-ms="4511" status="PASS">
          <reporter-output>
            <line>
              <![CDATA[STEP2]]>
            </line>
            <line>
              <![CDATA[STEP3]]>
            </line>
          </reporter-output>
        </test-method> <!-- loadUrl -->
        <test-method signature="addProduct(java.lang.String, java.lang.String, java.lang.String, java.lang.String, java.lang.String, java.lang.String, java.lang.String, java.lang.String, java.lang.String)[pri:0, instance:com.clearcode.testsuite.TestSuite1@4df50bcc]" started-at="2020-06-26T10:20:43 IST" name="addProduct" data-provider="addProduct" finished-at="2020-06-26T10:21:04 IST" duration-ms="20548" status="PASS">
          <params>
            <param index="0">
              <value>
                <![CDATA[Test Data 1]]>
              </value>
            </param>
            <param index="1">
              <value>
                <![CDATA[Brown T shirt]]>
              </value>
            </param>
            <param index="2">
              <value>
                <![CDATA[T shirt]]>
              </value>
            </param>
            <param index="3">
              <value>
                <![CDATA[RTS-012]]>
              </value>
            </param>
            <param index="4">
              <value>
                <![CDATA[1500]]>
              </value>
            </param>
            <param index="5">
              <value>
                <![CDATA[Sports]]>
              </value>
            </param>
            <param index="6">
              <value>
                <![CDATA[3]]>
              </value>
            </param>
            <param index="7">
              <value>
                <![CDATA[800]]>
              </value>
            </param>
            <param index="8">
              <value>
                <![CDATA[4]]>
              </value>
            </param>
          </params>
          <reporter-output>
            <line>
              <![CDATA[STEP4]]>
            </line>
            <line>
              <![CDATA[STEP5]]>
            </line>
            <line>
              <![CDATA[STEP6]]>
            </line>
            <line>
              <![CDATA[STEP7]]>
            </line>
            <line>
              <![CDATA[STEP8]]>
            </line>
            <line>
              <![CDATA[STEP9]]>
            </line>
            <line>
              <![CDATA[STEP10]]>
            </line>
            <line>
              <![CDATA[STEP11]]>
            </line>
            <line>
              <![CDATA[STEP12]]>
            </line>
            <line>
              <![CDATA[STEP13]]>
            </line>
            <line>
              <![CDATA[STEP14]]>
            </line>
            <line>
              <![CDATA[STEP15]]>
            </line>
            <line>
              <![CDATA[STEP16]]>
            </line>
            <line>
              <![CDATA[STEP17]]>
            </line>
            <line>
              <![CDATA[STEP18]]>
            </line>
            <line>
              <![CDATA[STEP19]]>
            </line>
            <line>
              <![CDATA[STEP20]]>
            </line>
            <line>
              <![CDATA[STEP21]]>
            </line>
            <line>
              <![CDATA[STEP22]]>
            </line>
            <line>
              <![CDATA[STEP23]]>
            </line>
            <line>
              <![CDATA[STEP24]]>
            </line>
            <line>
              <![CDATA[STEP25]]>
            </line>
            <line>
              <![CDATA[STEP26]]>
            </line>
            <line>
              <![CDATA[STEP27]]>
            </line>
            <line>
              <![CDATA[STEP28]]>
            </line>
          </reporter-output>
        </test-method> <!-- addProduct -->
        <test-method is-config="true" signature="loadUrl()[pri:0, instance:com.clearcode.testsuite.TestSuite1@4df50bcc]" started-at="2020-06-26T10:21:04 IST" name="loadUrl" finished-at="2020-06-26T10:21:05 IST" duration-ms="1283" status="PASS">
          <reporter-output>
            <line>
              <![CDATA[STEP29]]>
            </line>
            <line>
              <![CDATA[STEP30]]>
            </line>
          </reporter-output>
        </test-method> <!-- loadUrl -->
        <test-method signature="addProduct(java.lang.String, java.lang.String, java.lang.String, java.lang.String, java.lang.String, java.lang.String, java.lang.String, java.lang.String, java.lang.String)[pri:0, instance:com.clearcode.testsuite.TestSuite1@4df50bcc]" started-at="2020-06-26T10:21:05 IST" name="addProduct" data-provider="addProduct" finished-at="2020-06-26T10:21:24 IST" duration-ms="18646" status="PASS">
          <params>
            <param index="0">
              <value>
                <![CDATA[Test Data 2]]>
              </value>
            </param>
            <param index="1">
              <value>
                <![CDATA[Blazer Girls(II-V)]]>
              </value>
            </param>
            <param index="2">
              <value>
                <![CDATA[Blazer]]>
              </value>
            </param>
            <param index="3">
              <value>
                <![CDATA[Blz-014]]>
              </value>
            </param>
            <param index="4">
              <value>
                <![CDATA[3000]]>
              </value>
            </param>
            <param index="5">
              <value>
                <![CDATA[Formal wear]]>
              </value>
            </param>
            <param index="6">
              <value>
                <![CDATA[4]]>
              </value>
            </param>
            <param index="7">
              <value>
                <![CDATA[2000]]>
              </value>
            </param>
            <param index="8">
              <value>
                <![CDATA[8]]>
              </value>
            </param>
          </params>
          <reporter-output>
            <line>
              <![CDATA[STEP31]]>
            </line>
            <line>
              <![CDATA[STEP32]]>
            </line>
            <line>
              <![CDATA[STEP33]]>
            </line>
            <line>
              <![CDATA[STEP34]]>
            </line>
            <line>
              <![CDATA[STEP35]]>
            </line>
            <line>
              <![CDATA[STEP36]]>
            </line>
            <line>
              <![CDATA[STEP37]]>
            </line>
            <line>
              <![CDATA[STEP38]]>
            </line>
            <line>
              <![CDATA[STEP39]]>
            </line>
            <line>
              <![CDATA[STEP40]]>
            </line>
            <line>
              <![CDATA[STEP41]]>
            </line>
            <line>
              <![CDATA[STEP42]]>
            </line>
            <line>
              <![CDATA[STEP43]]>
            </line>
            <line>
              <![CDATA[STEP44]]>
            </line>
            <line>
              <![CDATA[STEP45]]>
            </line>
            <line>
              <![CDATA[STEP46]]>
            </line>
            <line>
              <![CDATA[STEP47]]>
            </line>
            <line>
              <![CDATA[STEP48]]>
            </line>
            <line>
              <![CDATA[STEP49]]>
            </line>
            <line>
              <![CDATA[STEP50]]>
            </line>
            <line>
              <![CDATA[STEP51]]>
            </line>
            <line>
              <![CDATA[STEP52]]>
            </line>
            <line>
              <![CDATA[STEP53]]>
            </line>
            <line>
              <![CDATA[STEP54]]>
            </line>
            <line>
              <![CDATA[STEP55]]>
            </line>
          </reporter-output>
        </test-method> <!-- addProduct -->
        <test-method is-config="true" signature="loadUrl()[pri:0, instance:com.clearcode.testsuite.TestSuite1@4df50bcc]" started-at="2020-06-26T10:21:24 IST" name="loadUrl" finished-at="2020-06-26T10:21:25 IST" duration-ms="1322" status="PASS">
          <reporter-output>
            <line>
              <![CDATA[STEP56]]>
            </line>
            <line>
              <![CDATA[STEP57]]>
            </line>
          </reporter-output>
        </test-method> <!-- loadUrl -->
        <test-method signature="addProduct(java.lang.String, java.lang.String, java.lang.String, java.lang.String, java.lang.String, java.lang.String, java.lang.String, java.lang.String, java.lang.String)[pri:0, instance:com.clearcode.testsuite.TestSuite1@4df50bcc]" started-at="2020-06-26T10:21:25 IST" name="addProduct" data-provider="addProduct" finished-at="2020-06-26T10:21:44 IST" duration-ms="18365" status="PASS">
          <params>
            <param index="0">
              <value>
                <![CDATA[Test Data 3]]>
              </value>
            </param>
            <param index="1">
              <value>
                <![CDATA[White Socks]]>
              </value>
            </param>
            <param index="2">
              <value>
                <![CDATA[socks]]>
              </value>
            </param>
            <param index="3">
              <value>
                <![CDATA[Soc-143]]>
              </value>
            </param>
            <param index="4">
              <value>
                <![CDATA[200]]>
              </value>
            </param>
            <param index="5">
              <value>
                <![CDATA[Sports]]>
              </value>
            </param>
            <param index="6">
              <value>
                <![CDATA[5]]>
              </value>
            </param>
            <param index="7">
              <value>
                <![CDATA[200]]>
              </value>
            </param>
            <param index="8">
              <value>
                <![CDATA[10]]>
              </value>
            </param>
          </params>
          <reporter-output>
            <line>
              <![CDATA[STEP58]]>
            </line>
            <line>
              <![CDATA[STEP59]]>
            </line>
            <line>
              <![CDATA[STEP60]]>
            </line>
            <line>
              <![CDATA[STEP61]]>
            </line>
            <line>
              <![CDATA[STEP62]]>
            </line>
            <line>
              <![CDATA[STEP63]]>
            </line>
            <line>
              <![CDATA[STEP64]]>
            </line>
            <line>
              <![CDATA[STEP65]]>
            </line>
            <line>
              <![CDATA[STEP66]]>
            </line>
            <line>
              <![CDATA[STEP67]]>
            </line>
            <line>
              <![CDATA[STEP68]]>
            </line>
            <line>
              <![CDATA[STEP69]]>
            </line>
            <line>
              <![CDATA[STEP70]]>
            </line>
            <line>
              <![CDATA[STEP71]]>
            </line>
            <line>
              <![CDATA[STEP72]]>
            </line>
            <line>
              <![CDATA[STEP73]]>
            </line>
            <line>
              <![CDATA[STEP74]]>
            </line>
            <line>
              <![CDATA[STEP75]]>
            </line>
            <line>
              <![CDATA[STEP76]]>
            </line>
            <line>
              <![CDATA[STEP77]]>
            </line>
            <line>
              <![CDATA[STEP78]]>
            </line>
            <line>
              <![CDATA[STEP79]]>
            </line>
            <line>
              <![CDATA[STEP80]]>
            </line>
            <line>
              <![CDATA[STEP81]]>
            </line>
            <line>
              <![CDATA[STEP82]]>
            </line>
          </reporter-output>
        </test-method> <!-- addProduct -->
        <test-method is-config="true" signature="loadUrl()[pri:0, instance:com.clearcode.testsuite.TestSuite1@4df50bcc]" started-at="2020-06-26T10:21:44 IST" name="loadUrl" finished-at="2020-06-26T10:21:45 IST" duration-ms="1248" status="PASS">
          <reporter-output>
            <line>
              <![CDATA[STEP83]]>
            </line>
            <line>
              <![CDATA[STEP84]]>
            </line>
          </reporter-output>
        </test-method> <!-- loadUrl -->
        <test-method signature="addProduct(java.lang.String, java.lang.String, java.lang.String, java.lang.String, java.lang.String, java.lang.String, java.lang.String, java.lang.String, java.lang.String)[pri:0, instance:com.clearcode.testsuite.TestSuite1@4df50bcc]" started-at="2020-06-26T10:21:45 IST" name="addProduct" data-provider="addProduct" finished-at="2020-06-26T10:22:05 IST" duration-ms="19979" status="PASS">
          <params>
            <param index="0">
              <value>
                <![CDATA[Test Data 4]]>
              </value>
            </param>
            <param index="1">
              <value>
                <![CDATA[White Shirt]]>
              </value>
            </param>
            <param index="2">
              <value>
                <![CDATA[shirt]]>
              </value>
            </param>
            <param index="3">
              <value>
                <![CDATA[SHI-201]]>
              </value>
            </param>
            <param index="4">
              <value>
                <![CDATA[500]]>
              </value>
            </param>
            <param index="5">
              <value>
                <![CDATA[Shirts]]>
              </value>
            </param>
            <param index="6">
              <value>
                <![CDATA[6]]>
              </value>
            </param>
            <param index="7">
              <value>
                <![CDATA[700]]>
              </value>
            </param>
            <param index="8">
              <value>
                <![CDATA[14]]>
              </value>
            </param>
          </params>
          <reporter-output>
            <line>
              <![CDATA[STEP85]]>
            </line>
            <line>
              <![CDATA[STEP86]]>
            </line>
            <line>
              <![CDATA[STEP87]]>
            </line>
            <line>
              <![CDATA[STEP88]]>
            </line>
            <line>
              <![CDATA[STEP89]]>
            </line>
            <line>
              <![CDATA[STEP90]]>
            </line>
            <line>
              <![CDATA[STEP91]]>
            </line>
            <line>
              <![CDATA[STEP92]]>
            </line>
            <line>
              <![CDATA[STEP93]]>
            </line>
            <line>
              <![CDATA[STEP94]]>
            </line>
            <line>
              <![CDATA[STEP95]]>
            </line>
            <line>
              <![CDATA[STEP96]]>
            </line>
            <line>
              <![CDATA[STEP97]]>
            </line>
            <line>
              <![CDATA[STEP98]]>
            </line>
            <line>
              <![CDATA[STEP99]]>
            </line>
            <line>
              <![CDATA[STEP100]]>
            </line>
            <line>
              <![CDATA[STEP101]]>
            </line>
            <line>
              <![CDATA[STEP102]]>
            </line>
            <line>
              <![CDATA[STEP103]]>
            </line>
            <line>
              <![CDATA[STEP104]]>
            </line>
            <line>
              <![CDATA[STEP105]]>
            </line>
            <line>
              <![CDATA[STEP106]]>
            </line>
            <line>
              <![CDATA[STEP107]]>
            </line>
            <line>
              <![CDATA[STEP108]]>
            </line>
            <line>
              <![CDATA[STEP109]]>
            </line>
          </reporter-output>
        </test-method> <!-- addProduct -->
        <test-method is-config="true" signature="loadUrl()[pri:0, instance:com.clearcode.testsuite.TestSuite1@4df50bcc]" started-at="2020-06-26T10:22:05 IST" name="loadUrl" finished-at="2020-06-26T10:22:06 IST" duration-ms="1281" status="PASS">
          <reporter-output>
            <line>
              <![CDATA[STEP110]]>
            </line>
            <line>
              <![CDATA[STEP111]]>
            </line>
          </reporter-output>
        </test-method> <!-- loadUrl -->
        <test-method signature="addProduct2(java.lang.String, java.lang.String, java.lang.String, java.lang.String, java.lang.String, java.lang.String, java.lang.String, java.lang.String, java.lang.String)[pri:0, instance:com.clearcode.testsuite.TestSuite1@4df50bcc]" started-at="2020-06-26T10:22:06 IST" name="addProduct2" data-provider="addProduct2" finished-at="2020-06-26T10:22:24 IST" duration-ms="17522" status="PASS">
          <params>
            <param index="0">
              <value>
                <![CDATA[Test Data 1]]>
              </value>
            </param>
            <param index="1">
              <value>
                <![CDATA[]]>
              </value>
            </param>
            <param index="2">
              <value>
                <![CDATA[]]>
              </value>
            </param>
            <param index="3">
              <value>
                <![CDATA[]]>
              </value>
            </param>
            <param index="4">
              <value>
                <![CDATA[]]>
              </value>
            </param>
            <param index="5">
              <value>
                <![CDATA[]]>
              </value>
            </param>
            <param index="6">
              <value>
                <![CDATA[]]>
              </value>
            </param>
            <param index="7">
              <value>
                <![CDATA[]]>
              </value>
            </param>
            <param index="8">
              <value>
                <![CDATA[]]>
              </value>
            </param>
          </params>
          <reporter-output>
            <line>
              <![CDATA[STEP112]]>
            </line>
            <line>
              <![CDATA[STEP113]]>
            </line>
            <line>
              <![CDATA[STEP114]]>
            </line>
            <line>
              <![CDATA[STEP115]]>
            </line>
            <line>
              <![CDATA[STEP116]]>
            </line>
            <line>
              <![CDATA[STEP117]]>
            </line>
            <line>
              <![CDATA[STEP118]]>
            </line>
            <line>
              <![CDATA[STEP119]]>
            </line>
            <line>
              <![CDATA[STEP120]]>
            </line>
            <line>
              <![CDATA[STEP121]]>
            </line>
            <line>
              <![CDATA[STEP122]]>
            </line>
            <line>
              <![CDATA[STEP123]]>
            </line>
            <line>
              <![CDATA[STEP124]]>
            </line>
            <line>
              <![CDATA[STEP125]]>
            </line>
            <line>
              <![CDATA[STEP126]]>
            </line>
            <line>
              <![CDATA[STEP127]]>
            </line>
            <line>
              <![CDATA[STEP128]]>
            </line>
            <line>
              <![CDATA[STEP129]]>
            </line>
            <line>
              <![CDATA[STEP130]]>
            </line>
            <line>
              <![CDATA[STEP131]]>
            </line>
            <line>
              <![CDATA[STEP132]]>
            </line>
            <line>
              <![CDATA[STEP133]]>
            </line>
            <line>
              <![CDATA[STEP134]]>
            </line>
            <line>
              <![CDATA[STEP135]]>
            </line>
            <line>
              <![CDATA[STEP136]]>
            </line>
          </reporter-output>
        </test-method> <!-- addProduct2 -->
        <test-method is-config="true" signature="loadUrl()[pri:0, instance:com.clearcode.testsuite.TestSuite1@4df50bcc]" started-at="2020-06-26T10:22:24 IST" name="loadUrl" finished-at="2020-06-26T10:22:25 IST" duration-ms="1257" status="PASS">
          <reporter-output>
            <line>
              <![CDATA[STEP137]]>
            </line>
            <line>
              <![CDATA[STEP138]]>
            </line>
          </reporter-output>
        </test-method> <!-- loadUrl -->
        <test-method signature="addProduct2(java.lang.String, java.lang.String, java.lang.String, java.lang.String, java.lang.String, java.lang.String, java.lang.String, java.lang.String, java.lang.String)[pri:0, instance:com.clearcode.testsuite.TestSuite1@4df50bcc]" started-at="2020-06-26T10:22:25 IST" name="addProduct2" data-provider="addProduct2" finished-at="2020-06-26T10:22:42 IST" duration-ms="17444" status="PASS">
          <params>
            <param index="0">
              <value>
                <![CDATA[Test Data 2]]>
              </value>
            </param>
            <param index="1">
              <value>
                <![CDATA[Blazer(II-V)]]>
              </value>
            </param>
            <param index="2">
              <value>
                <![CDATA[]]>
              </value>
            </param>
            <param index="3">
              <value>
                <![CDATA[]]>
              </value>
            </param>
            <param index="4">
              <value>
                <![CDATA[]]>
              </value>
            </param>
            <param index="5">
              <value>
                <![CDATA[]]>
              </value>
            </param>
            <param index="6">
              <value>
                <![CDATA[]]>
              </value>
            </param>
            <param index="7">
              <value>
                <![CDATA[]]>
              </value>
            </param>
            <param index="8">
              <value>
                <![CDATA[]]>
              </value>
            </param>
          </params>
          <reporter-output>
            <line>
              <![CDATA[STEP139]]>
            </line>
            <line>
              <![CDATA[STEP140]]>
            </line>
            <line>
              <![CDATA[STEP141]]>
            </line>
            <line>
              <![CDATA[STEP142]]>
            </line>
            <line>
              <![CDATA[STEP143]]>
            </line>
            <line>
              <![CDATA[STEP144]]>
            </line>
            <line>
              <![CDATA[STEP145]]>
            </line>
            <line>
              <![CDATA[STEP146]]>
            </line>
            <line>
              <![CDATA[STEP147]]>
            </line>
            <line>
              <![CDATA[STEP148]]>
            </line>
            <line>
              <![CDATA[STEP149]]>
            </line>
            <line>
              <![CDATA[STEP150]]>
            </line>
            <line>
              <![CDATA[STEP151]]>
            </line>
            <line>
              <![CDATA[STEP152]]>
            </line>
            <line>
              <![CDATA[STEP153]]>
            </line>
            <line>
              <![CDATA[STEP154]]>
            </line>
            <line>
              <![CDATA[STEP155]]>
            </line>
            <line>
              <![CDATA[STEP156]]>
            </line>
            <line>
              <![CDATA[STEP157]]>
            </line>
            <line>
              <![CDATA[STEP158]]>
            </line>
            <line>
              <![CDATA[STEP159]]>
            </line>
            <line>
              <![CDATA[STEP160]]>
            </line>
            <line>
              <![CDATA[STEP161]]>
            </line>
            <line>
              <![CDATA[STEP162]]>
            </line>
            <line>
              <![CDATA[STEP163]]>
            </line>
          </reporter-output>
        </test-method> <!-- addProduct2 -->
        <test-method is-config="true" signature="loadUrl()[pri:0, instance:com.clearcode.testsuite.TestSuite1@4df50bcc]" started-at="2020-06-26T10:22:42 IST" name="loadUrl" finished-at="2020-06-26T10:22:44 IST" duration-ms="1225" status="PASS">
          <reporter-output>
            <line>
              <![CDATA[STEP164]]>
            </line>
            <line>
              <![CDATA[STEP165]]>
            </line>
          </reporter-output>
        </test-method> <!-- loadUrl -->
        <test-method signature="addProduct2(java.lang.String, java.lang.String, java.lang.String, java.lang.String, java.lang.String, java.lang.String, java.lang.String, java.lang.String, java.lang.String)[pri:0, instance:com.clearcode.testsuite.TestSuite1@4df50bcc]" started-at="2020-06-26T10:22:44 IST" name="addProduct2" data-provider="addProduct2" finished-at="2020-06-26T10:23:02 IST" duration-ms="18643" status="PASS">
          <params>
            <param index="0">
              <value>
                <![CDATA[Test Data 3]]>
              </value>
            </param>
            <param index="1">
              <value>
                <![CDATA[Socks]]>
              </value>
            </param>
            <param index="2">
              <value>
                <![CDATA[socks]]>
              </value>
            </param>
            <param index="3">
              <value>
                <![CDATA[]]>
              </value>
            </param>
            <param index="4">
              <value>
                <![CDATA[]]>
              </value>
            </param>
            <param index="5">
              <value>
                <![CDATA[]]>
              </value>
            </param>
            <param index="6">
              <value>
                <![CDATA[]]>
              </value>
            </param>
            <param index="7">
              <value>
                <![CDATA[]]>
              </value>
            </param>
            <param index="8">
              <value>
                <![CDATA[]]>
              </value>
            </param>
          </params>
          <reporter-output>
            <line>
              <![CDATA[STEP166]]>
            </line>
            <line>
              <![CDATA[STEP167]]>
            </line>
            <line>
              <![CDATA[STEP168]]>
            </line>
            <line>
              <![CDATA[STEP169]]>
            </line>
            <line>
              <![CDATA[STEP170]]>
            </line>
            <line>
              <![CDATA[STEP171]]>
            </line>
            <line>
              <![CDATA[STEP172]]>
            </line>
            <line>
              <![CDATA[STEP173]]>
            </line>
            <line>
              <![CDATA[STEP174]]>
            </line>
            <line>
              <![CDATA[STEP175]]>
            </line>
            <line>
              <![CDATA[STEP176]]>
            </line>
            <line>
              <![CDATA[STEP177]]>
            </line>
            <line>
              <![CDATA[STEP178]]>
            </line>
            <line>
              <![CDATA[STEP179]]>
            </line>
            <line>
              <![CDATA[STEP180]]>
            </line>
            <line>
              <![CDATA[STEP181]]>
            </line>
            <line>
              <![CDATA[STEP182]]>
            </line>
            <line>
              <![CDATA[STEP183]]>
            </line>
            <line>
              <![CDATA[STEP184]]>
            </line>
            <line>
              <![CDATA[STEP185]]>
            </line>
            <line>
              <![CDATA[STEP186]]>
            </line>
            <line>
              <![CDATA[STEP187]]>
            </line>
            <line>
              <![CDATA[STEP188]]>
            </line>
            <line>
              <![CDATA[STEP189]]>
            </line>
            <line>
              <![CDATA[STEP190]]>
            </line>
          </reporter-output>
        </test-method> <!-- addProduct2 -->
        <test-method is-config="true" signature="loadUrl()[pri:0, instance:com.clearcode.testsuite.TestSuite1@4df50bcc]" started-at="2020-06-26T10:23:02 IST" name="loadUrl" finished-at="2020-06-26T10:23:03 IST" duration-ms="1224" status="PASS">
          <reporter-output>
            <line>
              <![CDATA[STEP191]]>
            </line>
            <line>
              <![CDATA[STEP192]]>
            </line>
          </reporter-output>
        </test-method> <!-- loadUrl -->
        <test-method signature="addProduct2(java.lang.String, java.lang.String, java.lang.String, java.lang.String, java.lang.String, java.lang.String, java.lang.String, java.lang.String, java.lang.String)[pri:0, instance:com.clearcode.testsuite.TestSuite1@4df50bcc]" started-at="2020-06-26T10:23:03 IST" name="addProduct2" data-provider="addProduct2" finished-at="2020-06-26T10:23:21 IST" duration-ms="17586" status="PASS">
          <params>
            <param index="0">
              <value>
                <![CDATA[Test Data 4]]>
              </value>
            </param>
            <param index="1">
              <value>
                <![CDATA[Sh]]>
              </value>
            </param>
            <param index="2">
              <value>
                <![CDATA[shirt]]>
              </value>
            </param>
            <param index="3">
              <value>
                <![CDATA[SHI-201]]>
              </value>
            </param>
            <param index="4">
              <value>
                <![CDATA[2000]]>
              </value>
            </param>
            <param index="5">
              <value>
                <![CDATA[Shirts]]>
              </value>
            </param>
            <param index="6">
              <value>
                <![CDATA[5]]>
              </value>
            </param>
            <param index="7">
              <value>
                <![CDATA[800]]>
              </value>
            </param>
            <param index="8">
              <value>
                <![CDATA[20]]>
              </value>
            </param>
          </params>
          <reporter-output>
            <line>
              <![CDATA[STEP193]]>
            </line>
            <line>
              <![CDATA[STEP194]]>
            </line>
            <line>
              <![CDATA[STEP195]]>
            </line>
            <line>
              <![CDATA[STEP196]]>
            </line>
            <line>
              <![CDATA[STEP197]]>
            </line>
            <line>
              <![CDATA[STEP198]]>
            </line>
            <line>
              <![CDATA[STEP199]]>
            </line>
            <line>
              <![CDATA[STEP200]]>
            </line>
            <line>
              <![CDATA[STEP201]]>
            </line>
            <line>
              <![CDATA[STEP202]]>
            </line>
            <line>
              <![CDATA[STEP203]]>
            </line>
            <line>
              <![CDATA[STEP204]]>
            </line>
            <line>
              <![CDATA[STEP205]]>
            </line>
            <line>
              <![CDATA[STEP206]]>
            </line>
            <line>
              <![CDATA[STEP207]]>
            </line>
            <line>
              <![CDATA[STEP208]]>
            </line>
            <line>
              <![CDATA[STEP209]]>
            </line>
            <line>
              <![CDATA[STEP210]]>
            </line>
            <line>
              <![CDATA[STEP211]]>
            </line>
            <line>
              <![CDATA[STEP212]]>
            </line>
            <line>
              <![CDATA[STEP213]]>
            </line>
            <line>
              <![CDATA[STEP214]]>
            </line>
            <line>
              <![CDATA[STEP215]]>
            </line>
            <line>
              <![CDATA[STEP216]]>
            </line>
            <line>
              <![CDATA[STEP217]]>
            </line>
          </reporter-output>
        </test-method> <!-- addProduct2 -->
        <test-method is-config="true" signature="close()[pri:0, instance:com.clearcode.testsuite.TestSuite1@4df50bcc]" started-at="2020-06-26T10:23:21 IST" name="close" finished-at="2020-06-26T10:23:21 IST" duration-ms="5" status="PASS">
          <reporter-output>
          </reporter-output>
        </test-method> <!-- close -->
      </class> <!-- com.clearcode.testsuite.TestSuite1 -->
    </test> <!-- Default test -->
  </suite> <!-- Default suite -->
</testng-results>
